[debug] [2024-12-22T11:55:45.442Z] ----------------------------------------------------------------------
[debug] [2024-12-22T11:55:45.444Z] Command:       /usr/bin/node /usr/bin/firebase init
[debug] [2024-12-22T11:55:45.444Z] CLI Version:   13.29.1
[debug] [2024-12-22T11:55:45.444Z] Platform:      linux
[debug] [2024-12-22T11:55:45.444Z] Node Version:  v23.3.0
[debug] [2024-12-22T11:55:45.445Z] Time:          Sun Dec 22 2024 12:55:45 GMT+0100 (Central European Standard Time)
[debug] [2024-12-22T11:55:45.445Z] ----------------------------------------------------------------------
[debug] 
[debug] [2024-12-22T11:55:45.449Z] > command requires scopes: ["email","openid","https://www.googleapis.com/auth/cloudplatformprojects.readonly","https://www.googleapis.com/auth/firebase","https://www.googleapis.com/auth/cloud-platform"]
[debug] [2024-12-22T11:55:45.450Z] > authorizing via signed-in user (li_allouche@esi.dz)
[info] 
     ######## #### ########  ######## ########     ###     ######  ########
     ##        ##  ##     ## ##       ##     ##  ##   ##  ##       ##
     ######    ##  ########  ######   ########  #########  ######  ######
     ##        ##  ##    ##  ##       ##     ## ##     ##       ## ##
     ##       #### ##     ## ######## ########  ##     ##  ######  ########

You're about to initialize a Firebase project in this directory:

  /home/im3ne/Desktop/GitHub/IoT-Project/firebase

[info] 
=== Project Setup
[info] 
[info] First, let's associate this project directory with a Firebase project.
[info] You can create multiple project aliases by running firebase use --add, 
[info] but for now we'll just set up a default project.
[info] 
[info] i  If you want to create a project in a Google Cloud organization or folder, please use "firebase projects:create" instead, and return to this command when you've created the project. 
[debug] [2024-12-22T12:00:53.909Z] Checked if tokens are valid: true, expires at: 1734872125649
[debug] [2024-12-22T12:00:53.909Z] Checked if tokens are valid: true, expires at: 1734872125649
[debug] [2024-12-22T12:00:53.911Z] >>> [apiv2][query] POST https://cloudresourcemanager.googleapis.com/v1/projects [none]
[debug] [2024-12-22T12:00:53.911Z] >>> [apiv2][body] POST https://cloudresourcemanager.googleapis.com/v1/projects {"projectId":"iot-project","name":"IoT-Project"}
[debug] [2024-12-22T12:00:55.128Z] <<< [apiv2][status] POST https://cloudresourcemanager.googleapis.com/v1/projects 409
[debug] [2024-12-22T12:00:55.129Z] <<< [apiv2][body] POST https://cloudresourcemanager.googleapis.com/v1/projects {"error":{"code":409,"message":"Requested entity already exists","status":"ALREADY_EXISTS"}}
[debug] [2024-12-22T12:00:55.534Z] FirebaseError: Request to https://cloudresourcemanager.googleapis.com/v1/projects had HTTP Error: 409, Requested entity already exists
    at responseToError (/usr/lib/node_modules/firebase-tools/lib/responseToError.js:52:12)
    at RetryOperation._fn (/usr/lib/node_modules/firebase-tools/lib/apiv2.js:312:77)
    at process.processTicksAndRejections (node:internal/process/task_queues:105:5)
[error] 
[error] Error: Failed to create project because there is already a project with ID iot-project. Please try again with a unique project ID.
